<?xml version="1.0" encoding="UTF-8"?>
<!-- Generated by org.testng.reporters.JUnitReportReporter -->
<testsuite hostname="Air-Nikita" failures="0" tests="49" name="TextEditorTests" time="0.012" errors="0" timestamp="24 июл. 2024 19:16:14 GMT" skipped="0">
  <testcase classname="TextEditorTests" name="testIsField" time="0.000"/>
  <testcase classname="TextEditorTests" name="testWriteNewLine" time="0.000"/>
  <testcase classname="TextEditorTests" name="testisEndOfEntry" time="0.000"/>
  <testcase classname="TextEditorTests" name="testParseId" time="0.000"/>
  <testcase classname="TextEditorTests" name="testParseId" time="0.000"/>
  <testcase classname="TextEditorTests" name="testWriteNewStudent" time="0.000"/>
  <testcase classname="TextEditorTests" name="testIsField" time="0.000"/>
  <testcase classname="TextEditorTests" name="testClean" time="0.001"/>
  <testcase classname="TextEditorTests" name="testWriteNewStudent" time="0.001"/>
  <testcase classname="TextEditorTests" name="testIsBeginning" time="0.000"/>
  <testcase classname="TextEditorTests" name="testIsId" time="0.000"/>
  <testcase classname="TextEditorTests" name="testIsField" time="0.000"/>
  <testcase classname="TextEditorTests" name="testClean" time="0.000"/>
  <testcase classname="TextEditorTests" name="testIsField" time="0.000"/>
  <testcase classname="TextEditorTests" name="testIsValidInput" time="0.000"/>
  <testcase classname="TextEditorTests" name="testIsBeginning" time="0.000"/>
  <testcase classname="TextEditorTests" name="testIsValidInput" time="0.000"/>
  <testcase classname="TextEditorTests" name="testClean" time="0.000"/>
  <testcase classname="TextEditorTests" name="testIsId" time="0.001"/>
  <testcase classname="TextEditorTests" name="testParseId" time="0.000"/>
  <testcase classname="TextEditorTests" name="testIsValidInput" time="0.001"/>
  <testcase classname="TextEditorTests" name="testWriteNewField" time="0.002"/>
  <testcase classname="TextEditorTests" name="testWriteNewLine" time="0.000"/>
  <testcase classname="TextEditorTests" name="testWriteNewField" time="0.000"/>
  <testcase classname="TextEditorTests" name="testIsField" time="0.000"/>
  <testcase classname="TextEditorTests" name="testIsBeginning" time="0.002"/>
  <testcase classname="TextEditorTests" name="testIsValidInput" time="0.000"/>
  <testcase classname="TextEditorTests" name="testWriteNewLine" time="0.000"/>
  <testcase classname="TextEditorTests" name="testIsEndOfLastEntry" time="0.000"/>
  <testcase classname="TextEditorTests" name="testWriteNewLine" time="0.000"/>
  <testcase classname="TextEditorTests" name="testClean" time="0.000"/>
  <testcase classname="TextEditorTests" name="testIsValidInput" time="0.000"/>
  <testcase classname="TextEditorTests" name="testClean" time="0.000"/>
  <testcase classname="TextEditorTests" name="testisEndOfEntry" time="0.000"/>
  <testcase classname="TextEditorTests" name="testisEndOfEntry" time="0.001"/>
  <testcase classname="TextEditorTests" name="testIsId" time="0.003"/>
  <testcase classname="TextEditorTests" name="testIsEndOfLastEntry" time="0.000"/>
  <testcase classname="TextEditorTests" name="testWriteNewField" time="0.000"/>
  <testcase classname="TextEditorTests" name="testIsBeginning" time="0.000"/>
  <testcase classname="TextEditorTests" name="testWriteNewField" time="0.000"/>
  <testcase classname="TextEditorTests" name="testIsEndOfLastEntry" time="0.000"/>
  <testcase classname="TextEditorTests" name="testIsEndOfLastEntry" time="0.000"/>
  <testcase classname="TextEditorTests" name="testisEndOfEntry" time="0.000"/>
  <testcase classname="TextEditorTests" name="testClean" time="0.000"/>
  <testcase classname="TextEditorTests" name="testParseId" time="0.000"/>
  <testcase classname="TextEditorTests" name="testWriteNewLine" time="0.000"/>
  <testcase classname="TextEditorTests" name="testWriteNewLine" time="0.000"/>
  <testcase classname="TextEditorTests" name="testIsField" time="0.000"/>
  <testcase classname="TextEditorTests" name="testIsId" time="0.000"/>
</testsuite> <!-- TextEditorTests -->
