<?xml version="1.0" encoding="UTF-8"?>
<!-- Generated by org.testng.reporters.JUnitReportReporter -->
<testsuite hostname="Air-Nikita" failures="0" tests="12" name="EmptyFileClientTests" time="2.811" errors="0" timestamp="24 июл. 2024 19:16:14 GMT" skipped="0">
  <testcase classname="EmptyFileClientTests" name="testGetSortedListOfStudents" time="0.125"/>
  <testcase classname="EmptyFileClientTests" name="testGetStudentInfo" time="0.125"/>
  <testcase classname="EmptyFileClientTests" name="testGetStudentInfo" time="0.125"/>
  <testcase classname="EmptyFileClientTests" name="testGetStudentInfo" time="0.125"/>
  <testcase classname="EmptyFileClientTests" name="testGetStudentInfo" time="0.136"/>
  <testcase classname="EmptyFileClientTests" name="testGetStudentInfo" time="0.122"/>
  <testcase classname="EmptyFileClientTests" name="testGetStudentInfo" time="0.136"/>
  <testcase classname="EmptyFileClientTests" name="testAddStudent" time="0.395"/>
  <testcase classname="EmptyFileClientTests" name="testAddStudent" time="0.383"/>
  <testcase classname="EmptyFileClientTests" name="testAddStudent" time="0.369"/>
  <testcase classname="EmptyFileClientTests" name="testAddStudent" time="0.370"/>
  <testcase classname="EmptyFileClientTests" name="testAddStudent" time="0.400"/>
</testsuite> <!-- EmptyFileClientTests -->
