<?xml version="1.0" encoding="UTF-8"?>
<!-- Generated by org.testng.reporters.JUnitReportReporter -->
<testsuite hostname="Air-Nikita" failures="0" tests="3" name="ConnectionTests" time="0.607" errors="0" timestamp="24 июл. 2024 19:16:14 GMT" skipped="0">
  <testcase classname="ConnectionTests" name="testSetConnection" time="0.128"/>
  <testcase classname="ConnectionTests" name="testWriter" time="0.133"/>
  <testcase classname="ConnectionTests" name="testReader" time="0.346"/>
</testsuite> <!-- ConnectionTests -->
