<?xml version="1.0" encoding="UTF-8"?>
<!-- Generated by org.testng.reporters.JUnitReportReporter -->
<testsuite hostname="Air-Nikita" failures="0" tests="17" name="ClientTests" time="4.086" errors="0" timestamp="24 июл. 2024 19:16:14 GMT" skipped="0">
  <testcase classname="ClientTests" name="testGetSortedListOfStudents" time="0.151"/>
  <testcase classname="ClientTests" name="testGetStudentInfo" time="0.128"/>
  <testcase classname="ClientTests" name="testGetStudentInfo" time="0.123"/>
  <testcase classname="ClientTests" name="testGetStudentInfo" time="0.127"/>
  <testcase classname="ClientTests" name="testGetStudentInfo" time="0.130"/>
  <testcase classname="ClientTests" name="testGetStudentInfo" time="0.124"/>
  <testcase classname="ClientTests" name="testGetStudentInfo" time="0.128"/>
  <testcase classname="ClientTests" name="testAddStudent" time="0.325"/>
  <testcase classname="ClientTests" name="testAddStudent" time="0.309"/>
  <testcase classname="ClientTests" name="testAddStudent" time="0.313"/>
  <testcase classname="ClientTests" name="testAddStudent" time="0.310"/>
  <testcase classname="ClientTests" name="testAddStudent" time="0.312"/>
  <testcase classname="ClientTests" name="testDeleteStudent" time="0.310"/>
  <testcase classname="ClientTests" name="testDeleteStudent" time="0.310"/>
  <testcase classname="ClientTests" name="testDeleteStudent" time="0.317"/>
  <testcase classname="ClientTests" name="testDeleteStudent" time="0.349"/>
  <testcase classname="ClientTests" name="testDeleteStudent" time="0.320"/>
</testsuite> <!-- ClientTests -->
